
protocol s2c 2000
{
	AckSubServerLogin( error::ERROR_CODE errorCode );
	AckSendSubServerP2PCLink( error::ERROR_CODE errorCode );
	AckSendSubServerP2PSLink( error::ERROR_CODE errorCode );
	AckSendSubServerInputLink( error::ERROR_CODE errorCode );
	AckSendSubServerOutputLink( error::ERROR_CODE errorCode );

	AckServerInfoList( error::ERROR_CODE errorCode, std::string clientSvrType, std::string serverSvrType, std::vector<SHostInfo> v );

	AckToBindOuterPort(  error::ERROR_CODE errorCode, std::string bindSubServerSvrType, int port );
	AckToBindInnerPort(  error::ERROR_CODE errorCode, std::string bindSubServerSvrType, int port );

	AckSubServerBindComplete(  error::ERROR_CODE errorCode, std::string bindSubServerSvrType );
	AckSubClientConnectComplete(  error::ERROR_CODE errorCode, std::string bindSubServerSvrType );

	BindSubServer( std::string bindSubSvrType, std::string ip, int port );

}

protocol c2s 2100
{
	ReqSubServerLogin( std::string svrType );

	SendSubServerP2PCLink( std::vector<std::string> v);
	SendSubServerP2PSLink( std::vector<std::string> v);
	SendSubServerInputLink( std::vector<std::string> v);
	SendSubServerOutputLink( std::vector<std::string> v);

	ReqServerInfoList( std::string clientSvrType, std::string serverSvrType );

	ReqToBindOuterPort( std::string bindSubServerSvrType );
	ReqToBindInnerPort( std::string bindSubServerSvrType );

	ReqSubServerBindComplete( std::string bindSubServerSvrType );
	ReqSubClientConnectComplete( std::string bindSubServerSvrType );

}

